1
2
6
7
8
9
10
12
13
11
17
14
15
18
19
16
20
23
22
21
24
25
27
26
28
29
30
31
32
33
34
35
3
4
5
36
37
40
38
39
43
41
42
44
45
47
46
48
49
50
51
52
53
54
55
56
57
58
59
60
61
62
63
64
65
66
67
69
68
71
70
73
72
75
76
77
78
74
79
81
80
83
82
84
85
86
87
88
89
90
91
92
93
94
95
97
96
98
99
100
101
102
103
104
106
105
107
109
108
110
111
112
113
114
116
115
117
118
120
119
121
122
124
123
126
125
128
127
129
130
131
133
132
134
138
135
137
136
139
141
140
142
144
143
146
145
147
148
149
150
151
152
153
154
156
155
159
157
158
160
161
163
162
166
164
167
165
169
168
170
171
172
173
174
175
176
177
179
178
182
180
181
184
183
185
186
190
188
189
187
191
194
193
192
195
196
197
198
199
201
200
202
203
204
205
206
207
208
209
210
211
212
213
214
215
216
217
218
219
220
221
222
223
225
224
226
227
229
228
230
231
232
233
234
235
236
237
239
238
240
242
241
243
244
245
246
247
248
251
250
249
253
252
254
255
256
257
258
259
260
261
262
263
264
265
267
266
268
269
271
270
273
272
274
275
276
277
280
279
278
281
283
284
282
285
286
288
287
289
290
291
292
293
295
294
296
298
297
300
299
301
302
303
305
304
306
307
308
309
310
312
311
315
313
314
316
317
318
320
319
321
323
322
325
324
327
326
328
329
330
331
334
333
332
335
336
337
338
339
342
341
340
344
343
345
346
347
348
350
349
351
353
352
354
355
356
357
358
360
359
361
362
364
363
365
366
367
369
368
371
370
373
372
375
374
376
377
380
379
378
381
382
385
383
386
391
390
384
389
387
393
392
394
388
395
396
397
398
399
400
403
402
404
405
401
407
406
408
409
410
411
413
412
415
416
414
417
418
420
419
421
422
423
424
425
426
427
429
428
430
432
431
433
434
435
436
437
440
438
439
441
442
443
444
445
447
446
448
450
449
451
452
456
454
453
455
457
459
458
460
462
461
464
463
465
467
466
468
469
470
471
472
473
474
476
475
477
482
479
480
478
481
484
483
485
486
488
487
489
490
492
491
493
495
494
497
498
496
499
500
501
503
502
504
505
506
507
509
510
508
511
512
513
514
515
516
517
519
518
520
522
521
524
523
525
528
529
526
527
530
531
532
533
534
535
536
537
539
538
540
541
542
543
544
545
546
547
549
550
548
551
554
552
553
556
555
557
558
559
561
560
562
563
564
565
566
567
568
572
571
573
569
570
574
575
576
578
577
579
580
581
582
583
584
586
585
587
588
589
590
591
592
596
595
594
593
597
598
599
600
601
602
603
604
605
606
607
608
609
610
613
612
614
611
615
617
616
619
618
620
621
622
624
623
625
627
626
628
629
630
631
632
633
635
634
637
636
638
640
641
639
642
643
644
646
645
648
650
647
649
651
652
653
655
654
656
658
657
659
660
661
665
664
663
662
667
666
668
669
670
671
672
673
674
675
676
677
679
678
680
682
681
683
684
685
686
687
691
688
689
690
692
693
694
695
696
697
698
699
700
701
704
706
702
703
705
707
708
710
711
709
712
713
714
715
716
717
718
719
720
721
722
723
724
725
726
727
729
728
730
731
733
732
734
736
735
737
738
739
740
741
743
742
745
744
746
748
749
747
750
751
752
753
754
755
756
758
757
760
759
761
763
762
765
764
766
767
768
770
769
772
771
773
774
776
778
775
779
777
781
780
782
783
784
787
785
786
789
788
790
791
792
794
793
795
796
798
797
800
799
801
802
803
804
805
806
807
808
809
810
811
812
813
814
815
816
817
818
821
819
820
823
822
824
825
826
827
829
828
830
831
832
834
833
835
836
837
839
838
840
841
842
843
844
845
848
847
849
846
850
851
853
852
855
854
857
856
858
859
861
860
863
862
865
864
866
868
867
869
870
872
871
873
874
875
876
877
878
879
880
881
882
883
884
885
886
888
887
889
891
890
892
894
893
896
895
897
898
900
899
901
902
903
905
904
906
908
907
909
910
911
913
912
914
915
916
917
918
921
920
922
919
924
923
925
926
927
928
929
930
931
933
935
932
936
934
938
937
939
940
942
941
943
944
947
945
946
948
950
949
951
952
953
955
954
957
956
958
959
960
961
962
963
964
965
966
967
968
969
971
970
972
974
973
976
975
977
978
979
980
982
981
983
984
986
985
987
988
990
989
991
992
994
993
995
996
997
999
998
1000
